<?xml version="1.0" encoding="UTF-8"?>
<testsuite xmlns:xsi="http://www.w3.org/2001/XMLSchema-instance" xsi:noNamespaceSchemaLocation="https://maven.apache.org/surefire/maven-surefire-plugin/xsd/surefire-test-report-3.0.xsd" version="3.0" name="com.inventario.ProductoTest" time="0.191" tests="59" errors="0" skipped="0" failures="0">
  <properties>
[...]
</properties>
  <testcase name="excepcionSetPrecioInf" classname="com.inventario.ProductoTest" time="0.002"/>
  <testcase name="excepcionSetPrecioNaN" classname="com.inventario.ProductoTest" time="0.0"/>
  <testcase name="excepcionSetPrecioNeg" classname="com.inventario.ProductoTest" time="0.0"/>
  <testcase name="excepcionStockInsuficiente" classname="com.inventario.ProductoTest" time="0.004"/>
  <testcase name="excepcionCantidadNegativa" classname="com.inventario.ProductoTest" time="0.003"/>
  <testcase name="actualizarNombre" classname="com.inventario.ProductoTest" time="0.0"/>
  <testcase name="actualizarPrecio" classname="com.inventario.ProductoTest" time="0.005"/>
  <testcase name="registrarMovimientoSalida" classname="com.inventario.ProductoTest" time="0.0"/>
  <testcase name="agregarDiversasCantidades(int)[1]" classname="com.inventario.ProductoTest" time="0.014"/>
  <testcase name="agregarDiversasCantidades(int)[2]" classname="com.inventario.ProductoTest" time="0.0"/>
  <testcase name="agregarDiversasCantidades(int)[3]" classname="com.inventario.ProductoTest" time="0.0"/>
  <testcase name="agregarDiversasCantidades(int)[4]" classname="com.inventario.ProductoTest" time="0.003"/>
  <testcase name="codigoEsString" classname="com.inventario.ProductoTest" time="0.0"/>
  <testcase name="obtenerValorTotal" classname="com.inventario.ProductoTest" time="0.0"/>
  <testcase name="cantidadEsInteger" classname="com.inventario.ProductoTest" time="0.006"/>
  <testcase name="excepcionSetPrecioCero" classname="com.inventario.ProductoTest" time="0.001"/>
  <testcase name="excepcionCodigoEspacios" classname="com.inventario.ProductoTest" time="0.002"/>
  <testcase name="consultarStockRetorna" classname="com.inventario.ProductoTest" time="0.0"/>
  <testcase name="debeCrearProductoValido" classname="com.inventario.ProductoTest" time="0.005"/>
  <testcase name="excepcionPrecioNoPositivo(double)[1]" classname="com.inventario.ProductoTest" time="0.004"/>
  <testcase name="excepcionPrecioNoPositivo(double)[2]" classname="com.inventario.ProductoTest" time="0.003"/>
  <testcase name="excepcionPrecioNoPositivo(double)[3]" classname="com.inventario.ProductoTest" time="0.0"/>
  <testcase name="excepcionNombreVacio" classname="com.inventario.ProductoTest" time="0.0"/>
  <testcase name="diversasCombinaciones(String, String, double, int)[1]" classname="com.inventario.ProductoTest" time="0.006"/>
  <testcase name="diversasCombinaciones(String, String, double, int)[2]" classname="com.inventario.ProductoTest" time="0.002"/>
  <testcase name="diversasCombinaciones(String, String, double, int)[3]" classname="com.inventario.ProductoTest" time="0.003"/>
  <testcase name="historialEsListMovimiento" classname="com.inventario.ProductoTest" time="0.003"/>
  <testcase name="excepcionCodigoVacio" classname="com.inventario.ProductoTest" time="0.002"/>
  <testcase name="excepcionPrecioInfNeg" classname="com.inventario.ProductoTest" time="0.002"/>
  <testcase name="excepcionPrecioNaN" classname="com.inventario.ProductoTest" time="0.003"/>
  <testcase name="agregarStockCorrecto" classname="com.inventario.ProductoTest" time="0.001"/>
  <testcase name="valorTotalTrasExtraer" classname="com.inventario.ProductoTest" time="0.002"/>
  <testcase name="historialInmutable" classname="com.inventario.ProductoTest" time="0.002"/>
  <testcase name="extraerStockCorrecto" classname="com.inventario.ProductoTest" time="0.0"/>
  <testcase name="excepcionPrecioInfinito" classname="com.inventario.ProductoTest" time="0.002"/>
  <testcase name="valorTotalTrasAgregar" classname="com.inventario.ProductoTest" time="0.0"/>
  <testcase name="toStringInfo" classname="com.inventario.ProductoTest" time="0.002"/>
  <testcase name="debeRecortarEspacios" classname="com.inventario.ProductoTest" time="0.0"/>
  <testcase name="historialMultiple" classname="com.inventario.ProductoTest" time="0.0"/>
  <testcase name="excepcionProductoSinStock" classname="com.inventario.ProductoTest" time="0.003"/>
  <testcase name="consistenciaMultiple" classname="com.inventario.ProductoTest" time="0.001"/>
  <testcase name="extraerTodoStock" classname="com.inventario.ProductoTest" time="0.002"/>
  <testcase name="excepcionSetNombreNulo" classname="com.inventario.ProductoTest" time="0.002"/>
  <testcase name="excepcionExtraerNegativo" classname="com.inventario.ProductoTest" time="0.002"/>
  <testcase name="excepcionNombreNulo" classname="com.inventario.ProductoTest" time="0.0"/>
  <testcase name="excepcionAgregarNegativo" classname="com.inventario.ProductoTest" time="0.003"/>
  <testcase name="excepcionExtraerCero" classname="com.inventario.ProductoTest" time="0.0"/>
  <testcase name="valorTotalEsDouble" classname="com.inventario.ProductoTest" time="0.0"/>
  <testcase name="fallidasNoRegistran" classname="com.inventario.ProductoTest" time="0.001"/>
  <testcase name="debeCrearProductoCantidadCero" classname="com.inventario.ProductoTest" time="0.0"/>
  <testcase name="excepcionSetNombreVacio" classname="com.inventario.ProductoTest" time="0.0"/>
  <testcase name="precioMuyPequeno" classname="com.inventario.ProductoTest" time="0.0"/>
  <testcase name="consultarStockIgualGetCantidad" classname="com.inventario.ProductoTest" time="0.0"/>
  <testcase name="registrarMovimientoEntrada" classname="com.inventario.ProductoTest" time="0.0"/>
  <testcase name="nombreEsString" classname="com.inventario.ProductoTest" time="0.0"/>
  <testcase name="precioEsDouble" classname="com.inventario.ProductoTest" time="0.0"/>
  <testcase name="valorTotalCero" classname="com.inventario.ProductoTest" time="0.0"/>
  <testcase name="excepcionCodigoNulo" classname="com.inventario.ProductoTest" time="0.001"/>
  <testcase name="excepcionAgregarCero" classname="com.inventario.ProductoTest" time="0.001"/>
</testsuite>